<?xml version="1.0" encoding="UTF-8"?>
<testsuite xmlns:xsi="http://www.w3.org/2001/XMLSchema-instance" xsi:noNamespaceSchemaLocation="https://maven.apache.org/surefire/maven-surefire-plugin/xsd/surefire-test-report-3.0.xsd" version="3.0" name="petStoreECommerce.TestRunner" time="10.411" tests="2" errors="0" skipped="0" failures="0">
  <properties>
[...]
</properties>
  <testcase name="runScenario[&quot;Login successfully with existing user on different browsers&quot;, &quot;Verify main functionalities of Pet Store website&quot;](1)" classname="petStoreECommerce.TestRunner" time="5.05">
    <system-out><![CDATA[
@PetStore @Login
Scenario Outline: Login successfully with existing user on different browsers &amp#27;[90m# src/test/resources/petStoreECommerceBDD.feature:13&amp#27;[0m

@PetStore @Login
Scenario Outline: Login successfully with existing user on different browsers &amp#27;[90m# src/test/resources/petStoreECommerceBDD.feature:14&amp#27;[0m
  &amp#27;[32mGiven &amp#27;[0m&amp#27;[32mI navigate to the PetStore login page with &amp#27;[0m&amp#27;[32m&amp#27;[1m"chrome"&amp#27;[0m                   &amp#27;[90m# petStoreECommerce.steps.PetStoreECommerceSteps.i_navigate_to_the_pet_store_login_page_with(java.lang.String)&amp#27;[0m
  &amp#27;[32mWhen &amp#27;[0m&amp#27;[32mI enter the username &amp#27;[0m&amp#27;[32m&amp#27;[1m"JQuim_3"&amp#27;[0m&amp#27;[32m and password &amp#27;[0m&amp#27;[32m&amp#27;[1m"Pass666"&amp#27;[0m                  &amp#27;[90m# petStoreECommerce.steps.PetStoreECommerceSteps.i_enter_the_username_and_password(java.lang.String,java.lang.String)&amp#27;[0m
  &amp#27;[32mAnd &amp#27;[0m&amp#27;[32mI click the Login button&amp#27;[0m                                                &amp#27;[90m# petStoreECommerce.steps.PetStoreECommerceSteps.i_click_the_login_button()&amp#27;[0m
  &amp#27;[32mThen &amp#27;[0m&amp#27;[32mI should be logged in and see &amp#27;[0m&amp#27;[32m&amp#27;[1m"Welcome Joaquim!"&amp#27;[0m&amp#27;[32m on the page&amp#27;[0m           &amp#27;[90m# petStoreECommerce.steps.PetStoreECommerceSteps.i_should_be_logged_in_and_see_on_the_page(java.lang.String)&amp#27;[0m
]]></system-out>
    <system-err><![CDATA[SLF4J: Failed to load class "org.slf4j.impl.StaticLoggerBinder".
SLF4J: Defaulting to no-operation (NOP) logger implementation
SLF4J: See http://www.slf4j.org/codes.html#StaticLoggerBinder for further details.
dez. 04, 2024 3:11:23 DA TARDE org.openqa.selenium.devtools.CdpVersionFinder findNearestMatch
WARNING: Unable to find an exact match for CDP version 131, returning the closest version; found: 130; Please update to a Selenium version that supports CDP version 131
]]></system-err>
  </testcase>
  <testcase name="runScenario[&quot;Login successfully with existing user on different browsers&quot;, &quot;Verify main functionalities of Pet Store website&quot;](2)" classname="petStoreECommerce.TestRunner" time="8.999">
    <system-out><![CDATA[  &amp#27;[32mGiven &amp#27;[0m&amp#27;[32mI navigate to the PetStore login page with &amp#27;[0m&amp#27;[32m&amp#27;[1m"firefox"&amp#27;[0m                  &amp#27;[90m# petStoreECommerce.steps.PetStoreECommerceSteps.i_navigate_to_the_pet_store_login_page_with(java.lang.String)&amp#27;[0m
  &amp#27;[32mWhen &amp#27;[0m&amp#27;[32mI enter the username &amp#27;[0m&amp#27;[32m&amp#27;[1m"MariliaB"&amp#27;[0m&amp#27;[32m and password &amp#27;[0m&amp#27;[32m&amp#27;[1m"Pass999"&amp#27;[0m                 &amp#27;[90m# petStoreECommerce.steps.PetStoreECommerceSteps.i_enter_the_username_and_password(java.lang.String,java.lang.String)&amp#27;[0m
  &amp#27;[32mAnd &amp#27;[0m&amp#27;[32mI click the Login button&amp#27;[0m                                                &amp#27;[90m# petStoreECommerce.steps.PetStoreECommerceSteps.i_click_the_login_button()&amp#27;[0m
  &amp#27;[32mThen &amp#27;[0m&amp#27;[32mI should be logged in and see &amp#27;[0m&amp#27;[32m&amp#27;[1m"Welcome Marilia!"&amp#27;[0m&amp#27;[32m on the page&amp#27;[0m           &amp#27;[90m# petStoreECommerce.steps.PetStoreECommerceSteps.i_should_be_logged_in_and_see_on_the_page(java.lang.String)&amp#27;[0m
]]></system-out>
  </testcase>
</testsuite>