<?xml version="1.0" encoding="UTF-8"?>
<testng-results ignored="0" total="2" passed="2" failed="0" skipped="0">
  <reporter-output>
  </reporter-output>
  <suite started-at="2024-12-04T15:11:19 WET" name="Surefire suite" finished-at="2024-12-04T15:11:29 WET" duration-ms="9926">
    <groups>
      <group name="cucumber">
        <method signature="AbstractTestNGCucumberTests.runScenario(io.cucumber.testng.PickleWrapper,io.cucumber.testng.FeatureWrapper)[pri:0, instance:petStoreECommerce.TestRunner@647e447]" name="runScenario" class="io.cucumber.testng.AbstractTestNGCucumberTests"/>
      </group> <!-- cucumber -->
    </groups>
    <test started-at="2024-12-04T15:11:19 WET" name="Surefire test" finished-at="2024-12-04T15:11:29 WET" duration-ms="9926">
      <class name="petStoreECommerce.TestRunner">
        <test-method is-config="true" signature="setUpClass(org.testng.ITestContext)[pri:0, instance:petStoreECommerce.TestRunner@647e447]" started-at="2024-12-04T15:11:19 WET" name="setUpClass" finished-at="2024-12-04T15:11:20 WET" duration-ms="796" status="PASS">
          <params>
            <param index="0">
              <value>
                <![CDATA[org.testng.TestRunner@3eb738bb]]>
              </value>
            </param>
          </params>
          <reporter-output>
          </reporter-output>
        </test-method> <!-- setUpClass -->
        <test-method signature="runScenario(io.cucumber.testng.PickleWrapper,io.cucumber.testng.FeatureWrapper)[pri:0, instance:petStoreECommerce.TestRunner@647e447]" started-at="2024-12-04T15:11:20 WET" name="runScenario" description="Runs Cucumber Scenarios" data-provider="scenarios" finished-at="2024-12-04T15:11:25 WET" duration-ms="5049" status="PASS">
          <params>
            <param index="0">
              <value>
                <![CDATA["Login successfully with existing user on different browsers"]]>
              </value>
            </param>
            <param index="1">
              <value>
                <![CDATA["Verify main functionalities of Pet Store website"]]>
              </value>
            </param>
          </params>
          <reporter-output>
          </reporter-output>
        </test-method> <!-- runScenario -->
        <test-method signature="runScenario(io.cucumber.testng.PickleWrapper,io.cucumber.testng.FeatureWrapper)[pri:0, instance:petStoreECommerce.TestRunner@647e447]" started-at="2024-12-04T15:11:20 WET" name="runScenario" description="Runs Cucumber Scenarios" data-provider="scenarios" finished-at="2024-12-04T15:11:29 WET" duration-ms="9002" status="PASS">
          <params>
            <param index="0">
              <value>
                <![CDATA["Login successfully with existing user on different browsers"]]>
              </value>
            </param>
            <param index="1">
              <value>
                <![CDATA["Verify main functionalities of Pet Store website"]]>
              </value>
            </param>
          </params>
          <reporter-output>
          </reporter-output>
        </test-method> <!-- runScenario -->
        <test-method is-config="true" signature="tearDownClass()[pri:0, instance:petStoreECommerce.TestRunner@647e447]" started-at="2024-12-04T15:11:29 WET" name="tearDownClass" finished-at="2024-12-04T15:11:29 WET" duration-ms="84" status="PASS">
          <reporter-output>
          </reporter-output>
        </test-method> <!-- tearDownClass -->
      </class> <!-- petStoreECommerce.TestRunner -->
    </test> <!-- Surefire test -->
  </suite> <!-- Surefire suite -->
</testng-results>
